<?xml version="1.0" encoding="UTF-8"?>
<testng-results ignored="1" total="2" passed="1" failed="0" skipped="0">
  <reporter-output>
    <line>
      <![CDATA[ ---- DB Connection Successfull ---- ]]>
    </line>
    <line>
      <![CDATA[chrome--- Browser Launched ---- ]]>
    </line>
    <line>
      <![CDATA[ --- Logged In Sucessfully --- ]]>
    </line>
    <line>
      <![CDATA[Entered to Homepage Succcesfully]]>
    </line>
    <line>
      <![CDATA[ --- Logged Out Succesfully --- ]]>
    </line>
    <line>
      <![CDATA[ --- Browser closed Sucessfully --- ]]>
    </line>
    <line>
      <![CDATA[ --- Database Connection Closed Succesfully]]>
    </line>
  </reporter-output>
  <suite started-at="2023-01-06T10:50:24 IST" name="Default suite" finished-at="2023-01-06T10:50:56 IST" duration-ms="32220">
    <groups>
    </groups>
    <test started-at="2023-01-06T10:50:24 IST" name="Default test" finished-at="2023-01-06T10:50:56 IST" duration-ms="32220">
      <class name="BackToDashboard.QuestionTypesTest">
        <test-method is-config="true" signature="bsConfig()[pri:0, instance:BackToDashboard.QuestionTypesTest@8f4ea7c]" started-at="2023-01-06T10:50:24 IST" name="bsConfig" finished-at="2023-01-06T10:50:24 IST" duration-ms="15" status="PASS">
          <reporter-output>
            <line>
              <![CDATA[ ---- DB Connection Successfull ---- ]]>
            </line>
          </reporter-output>
        </test-method> <!-- bsConfig -->
        <test-method is-config="true" signature="bcConfig()[pri:0, instance:BackToDashboard.QuestionTypesTest@8f4ea7c]" started-at="2023-01-06T10:50:24 IST" name="bcConfig" finished-at="2023-01-06T10:50:47 IST" duration-ms="22554" status="PASS">
          <reporter-output>
            <line>
              <![CDATA[chrome--- Browser Launched ---- ]]>
            </line>
          </reporter-output>
        </test-method> <!-- bcConfig -->
        <test-method is-config="true" signature="bmConfig()[pri:0, instance:BackToDashboard.QuestionTypesTest@8f4ea7c]" started-at="2023-01-06T10:50:47 IST" name="bmConfig" finished-at="2023-01-06T10:50:49 IST" duration-ms="1994" status="PASS">
          <reporter-output>
            <line>
              <![CDATA[ --- Logged In Sucessfully --- ]]>
            </line>
          </reporter-output>
        </test-method> <!-- bmConfig -->
        <test-method signature="printingAllQuestions()[pri:0, instance:BackToDashboard.QuestionTypesTest@8f4ea7c]" started-at="2023-01-06T10:50:49 IST" name="printingAllQuestions" finished-at="2023-01-06T10:50:53 IST" duration-ms="4700" status="PASS">
          <reporter-output>
            <line>
              <![CDATA[Entered to Homepage Succcesfully]]>
            </line>
          </reporter-output>
        </test-method> <!-- printingAllQuestions -->
        <test-method is-config="true" signature="amConfig()[pri:0, instance:BackToDashboard.QuestionTypesTest@8f4ea7c]" started-at="2023-01-06T10:50:53 IST" name="amConfig" finished-at="2023-01-06T10:50:55 IST" duration-ms="2067" status="PASS">
          <reporter-output>
            <line>
              <![CDATA[ --- Logged Out Succesfully --- ]]>
            </line>
          </reporter-output>
        </test-method> <!-- amConfig -->
        <test-method is-config="true" signature="acConfig()[pri:0, instance:BackToDashboard.QuestionTypesTest@8f4ea7c]" started-at="2023-01-06T10:50:55 IST" name="acConfig" finished-at="2023-01-06T10:50:56 IST" duration-ms="830" status="PASS">
          <reporter-output>
            <line>
              <![CDATA[ --- Browser closed Sucessfully --- ]]>
            </line>
          </reporter-output>
        </test-method> <!-- acConfig -->
        <test-method is-config="true" signature="asConfig()[pri:0, instance:BackToDashboard.QuestionTypesTest@8f4ea7c]" started-at="2023-01-06T10:50:56 IST" name="asConfig" finished-at="2023-01-06T10:50:56 IST" duration-ms="1" status="PASS">
          <reporter-output>
            <line>
              <![CDATA[ --- Database Connection Closed Succesfully]]>
            </line>
          </reporter-output>
        </test-method> <!-- asConfig -->
      </class> <!-- BackToDashboard.QuestionTypesTest -->
    </test> <!-- Default test -->
  </suite> <!-- Default suite -->
</testng-results>
