<?xml version="1.0" encoding="UTF-8"?>
<!-- Generated by org.testng.reporters.JUnitXMLReporter -->
<testsuite ignored="1" hostname="DESKTOP-02956BS" failures="0" tests="1" name="Default test" time="32.22" errors="0" timestamp="2023-01-06T10:50:56 IST">
  <testcase classname="BackToDashboard.QuestionTypesTest" name="printingAllQuestions" time="4.7"/>
  <testcase classname="BackToDashboard.QuestionTypesTest" name="questionTypesTest" time="0.0">
    <ignored/>
  </testcase> <!-- questionTypesTest -->
</testsuite> <!-- Default test -->
